<?xml version="1.0" encoding="UTF-8"?>
<!-- Generated by org.testng.reporters.JUnitXMLReporter -->
<testsuite ignored="0" hostname="DESKTOP-1GGKMTQ" failures="0" tests="4" name="Test" time="6.986" errors="0" timestamp="2022-08-03T12:50:11 IST">
  <testcase classname="com.restapitests.GetTest" name="getTest" time="3.892"/>
  <testcase classname="com.restapitests.PostTest" name="postTest" time="1.894"/>
  <testcase classname="com.restapitests.PutTest" name="putTest" time="0.608"/>
  <testcase classname="com.restapitests.DeleteTest" name="deleteTest" time="0.487"/>
</testsuite> <!-- Test -->
